[29-May-2019 18:12:28 Europe/Helsinki] PHP Notice:  Undefined variable: isWeb in /var/www/html/autometa/myVision.php on line 44
[29-May-2019 18:12:36 Europe/Helsinki] PHP Warning:  fclose() expects parameter 1 to be resource, string given in /var/www/html/autometa/myVision.php on line 49
[29-May-2019 18:13:05 Europe/Helsinki] PHP Fatal error:  Uncaught Error: Call to undefined function Google\Protobuf\Internal\bccomp() in /var/www/html/autometa/vendor/google/protobuf/src/Google/Protobuf/Internal/Message.php:900
Stack trace:
#0 /var/www/html/autometa/vendor/google/protobuf/src/Google/Protobuf/Internal/Message.php(1218): Google\Protobuf\Internal\Message->convertJsonValueToProtoValue(3, Object(Google\Protobuf\Internal\FieldDescriptor))
#1 /var/www/html/autometa/vendor/google/protobuf/src/Google/Protobuf/Internal/Message.php(1167): Google\Protobuf\Internal\Message->mergeFromArrayJsonImpl(Array)
#2 /var/www/html/autometa/vendor/google/protobuf/src/Google/Protobuf/Internal/Message.php(815): Google\Protobuf\Internal\Message->mergeFromJsonArray(Array)
#3 /var/www/html/autometa/vendor/google/protobuf/src/Google/Protobuf/Internal/Message.php(1218): Google\Protobuf\Internal\Message->convertJsonValueToProtoValue(Array, Object(Google\Protobuf\Internal\FieldDescriptor))
#4 /var/www/html/autometa/vendor/google/protobuf/src/Google/Protobuf/Internal/Message.php(116 in /var/www/html/autometa/vendor/google/protobuf/src/Google/Protobuf/Internal/Message.php on line 900
[29-May-2019 18:21:31 Europe/Helsinki] PHP Notice:  Undefined variable: isWeb in /var/www/html/autometa/myVision.php on line 44
[29-May-2019 18:21:38 Europe/Helsinki] PHP Warning:  fclose() expects parameter 1 to be resource, string given in /var/www/html/autometa/myVision.php on line 49
[29-May-2019 18:22:11 Europe/Helsinki] PHP Fatal error:  Uncaught Error: Call to undefined function Google\Protobuf\Internal\bccomp() in /var/www/html/autometa/vendor/google/protobuf/src/Google/Protobuf/Internal/Message.php:900
Stack trace:
#0 /var/www/html/autometa/vendor/google/protobuf/src/Google/Protobuf/Internal/Message.php(1218): Google\Protobuf\Internal\Message->convertJsonValueToProtoValue(3, Object(Google\Protobuf\Internal\FieldDescriptor))
#1 /var/www/html/autometa/vendor/google/protobuf/src/Google/Protobuf/Internal/Message.php(1167): Google\Protobuf\Internal\Message->mergeFromArrayJsonImpl(Array)
#2 /var/www/html/autometa/vendor/google/protobuf/src/Google/Protobuf/Internal/Message.php(815): Google\Protobuf\Internal\Message->mergeFromJsonArray(Array)
#3 /var/www/html/autometa/vendor/google/protobuf/src/Google/Protobuf/Internal/Message.php(1218): Google\Protobuf\Internal\Message->convertJsonValueToProtoValue(Array, Object(Google\Protobuf\Internal\FieldDescriptor))
#4 /var/www/html/autometa/vendor/google/protobuf/src/Google/Protobuf/Internal/Message.php(116 in /var/www/html/autometa/vendor/google/protobuf/src/Google/Protobuf/Internal/Message.php on line 900
[29-May-2019 18:26:38 Europe/Helsinki] PHP Warning:  fclose() expects parameter 1 to be resource, string given in /var/www/html/autometa/myVision.php on line 51
[29-May-2019 18:27:09 Europe/Helsinki] PHP Fatal error:  Uncaught Error: Call to undefined function Google\Protobuf\Internal\bccomp() in /var/www/html/autometa/vendor/google/protobuf/src/Google/Protobuf/Internal/Message.php:900
Stack trace:
#0 /var/www/html/autometa/vendor/google/protobuf/src/Google/Protobuf/Internal/Message.php(1218): Google\Protobuf\Internal\Message->convertJsonValueToProtoValue(3, Object(Google\Protobuf\Internal\FieldDescriptor))
#1 /var/www/html/autometa/vendor/google/protobuf/src/Google/Protobuf/Internal/Message.php(1167): Google\Protobuf\Internal\Message->mergeFromArrayJsonImpl(Array)
#2 /var/www/html/autometa/vendor/google/protobuf/src/Google/Protobuf/Internal/Message.php(815): Google\Protobuf\Internal\Message->mergeFromJsonArray(Array)
#3 /var/www/html/autometa/vendor/google/protobuf/src/Google/Protobuf/Internal/Message.php(1218): Google\Protobuf\Internal\Message->convertJsonValueToProtoValue(Array, Object(Google\Protobuf\Internal\FieldDescriptor))
#4 /var/www/html/autometa/vendor/google/protobuf/src/Google/Protobuf/Internal/Message.php(116 in /var/www/html/autometa/vendor/google/protobuf/src/Google/Protobuf/Internal/Message.php on line 900
[29-May-2019 18:29:25 Europe/Helsinki] PHP Warning:  fclose() expects parameter 1 to be resource, string given in /var/www/html/autometa/myVision.php on line 54
[29-May-2019 18:29:56 Europe/Helsinki] PHP Fatal error:  Uncaught Error: Call to undefined function Google\Protobuf\Internal\bccomp() in /var/www/html/autometa/vendor/google/protobuf/src/Google/Protobuf/Internal/Message.php:900
Stack trace:
#0 /var/www/html/autometa/vendor/google/protobuf/src/Google/Protobuf/Internal/Message.php(1218): Google\Protobuf\Internal\Message->convertJsonValueToProtoValue(3, Object(Google\Protobuf\Internal\FieldDescriptor))
#1 /var/www/html/autometa/vendor/google/protobuf/src/Google/Protobuf/Internal/Message.php(1167): Google\Protobuf\Internal\Message->mergeFromArrayJsonImpl(Array)
#2 /var/www/html/autometa/vendor/google/protobuf/src/Google/Protobuf/Internal/Message.php(815): Google\Protobuf\Internal\Message->mergeFromJsonArray(Array)
#3 /var/www/html/autometa/vendor/google/protobuf/src/Google/Protobuf/Internal/Message.php(1218): Google\Protobuf\Internal\Message->convertJsonValueToProtoValue(Array, Object(Google\Protobuf\Internal\FieldDescriptor))
#4 /var/www/html/autometa/vendor/google/protobuf/src/Google/Protobuf/Internal/Message.php(116 in /var/www/html/autometa/vendor/google/protobuf/src/Google/Protobuf/Internal/Message.php on line 900
[29-May-2019 18:33:06 Europe/Helsinki] PHP Fatal error:  Uncaught Error: Undefined constant 'n' in /var/www/html/autometa/myVision.php:50
Stack trace:
#0 /var/www/html/autometa/myVision.php(149): Google\Cloud\Samples\Auth\collectImgSource()
#1 {main}
  thrown in /var/www/html/autometa/myVision.php on line 50
[29-May-2019 18:33:13 Europe/Helsinki] PHP Fatal error:  Uncaught Error: Undefined constant 'n' in /var/www/html/autometa/myVision.php:50
Stack trace:
#0 /var/www/html/autometa/myVision.php(149): Google\Cloud\Samples\Auth\collectImgSource()
#1 {main}
  thrown in /var/www/html/autometa/myVision.php on line 50
[29-May-2019 18:34:02 Europe/Helsinki] PHP Warning:  fclose() expects parameter 1 to be resource, string given in /var/www/html/autometa/myVision.php on line 57
[29-May-2019 18:34:34 Europe/Helsinki] PHP Fatal error:  Uncaught Error: Call to undefined function Google\Protobuf\Internal\bccomp() in /var/www/html/autometa/vendor/google/protobuf/src/Google/Protobuf/Internal/Message.php:900
Stack trace:
#0 /var/www/html/autometa/vendor/google/protobuf/src/Google/Protobuf/Internal/Message.php(1218): Google\Protobuf\Internal\Message->convertJsonValueToProtoValue(3, Object(Google\Protobuf\Internal\FieldDescriptor))
#1 /var/www/html/autometa/vendor/google/protobuf/src/Google/Protobuf/Internal/Message.php(1167): Google\Protobuf\Internal\Message->mergeFromArrayJsonImpl(Array)
#2 /var/www/html/autometa/vendor/google/protobuf/src/Google/Protobuf/Internal/Message.php(815): Google\Protobuf\Internal\Message->mergeFromJsonArray(Array)
#3 /var/www/html/autometa/vendor/google/protobuf/src/Google/Protobuf/Internal/Message.php(1218): Google\Protobuf\Internal\Message->convertJsonValueToProtoValue(Array, Object(Google\Protobuf\Internal\FieldDescriptor))
#4 /var/www/html/autometa/vendor/google/protobuf/src/Google/Protobuf/Internal/Message.php(116 in /var/www/html/autometa/vendor/google/protobuf/src/Google/Protobuf/Internal/Message.php on line 900
[29-May-2019 18:35:31 Europe/Helsinki] PHP Parse error:  syntax error, unexpected '>' in /var/www/html/autometa/myVision.php on line 51
[29-May-2019 18:37:15 Europe/Helsinki] PHP Warning:  fclose() expects parameter 1 to be resource, string given in /var/www/html/autometa/myVision.php on line 57
[29-May-2019 18:37:25 Europe/Helsinki] PHP Fatal error:  Uncaught Error: Call to undefined function Google\Protobuf\Internal\bccomp() in /var/www/html/autometa/vendor/google/protobuf/src/Google/Protobuf/Internal/Message.php:900
Stack trace:
#0 /var/www/html/autometa/vendor/google/protobuf/src/Google/Protobuf/Internal/Message.php(1218): Google\Protobuf\Internal\Message->convertJsonValueToProtoValue(3, Object(Google\Protobuf\Internal\FieldDescriptor))
#1 /var/www/html/autometa/vendor/google/protobuf/src/Google/Protobuf/Internal/Message.php(1167): Google\Protobuf\Internal\Message->mergeFromArrayJsonImpl(Array)
#2 /var/www/html/autometa/vendor/google/protobuf/src/Google/Protobuf/Internal/Message.php(815): Google\Protobuf\Internal\Message->mergeFromJsonArray(Array)
#3 /var/www/html/autometa/vendor/google/protobuf/src/Google/Protobuf/Internal/Message.php(1218): Google\Protobuf\Internal\Message->convertJsonValueToProtoValue(Array, Object(Google\Protobuf\Internal\FieldDescriptor))
#4 /var/www/html/autometa/vendor/google/protobuf/src/Google/Protobuf/Internal/Message.php(116 in /var/www/html/autometa/vendor/google/protobuf/src/Google/Protobuf/Internal/Message.php on line 900
[29-May-2019 18:39:38 Europe/Helsinki] PHP Warning:  fclose() expects parameter 1 to be resource, string given in /var/www/html/autometa/myVision.php on line 57
[29-May-2019 18:40:11 Europe/Helsinki] PHP Fatal error:  Uncaught Error: Call to undefined function Google\Protobuf\Internal\bccomp() in /var/www/html/autometa/vendor/google/protobuf/src/Google/Protobuf/Internal/Message.php:900
Stack trace:
#0 /var/www/html/autometa/vendor/google/protobuf/src/Google/Protobuf/Internal/Message.php(1218): Google\Protobuf\Internal\Message->convertJsonValueToProtoValue(3, Object(Google\Protobuf\Internal\FieldDescriptor))
#1 /var/www/html/autometa/vendor/google/protobuf/src/Google/Protobuf/Internal/Message.php(1167): Google\Protobuf\Internal\Message->mergeFromArrayJsonImpl(Array)
#2 /var/www/html/autometa/vendor/google/protobuf/src/Google/Protobuf/Internal/Message.php(815): Google\Protobuf\Internal\Message->mergeFromJsonArray(Array)
#3 /var/www/html/autometa/vendor/google/protobuf/src/Google/Protobuf/Internal/Message.php(1218): Google\Protobuf\Internal\Message->convertJsonValueToProtoValue(Array, Object(Google\Protobuf\Internal\FieldDescriptor))
#4 /var/www/html/autometa/vendor/google/protobuf/src/Google/Protobuf/Internal/Message.php(116 in /var/www/html/autometa/vendor/google/protobuf/src/Google/Protobuf/Internal/Message.php on line 900
[29-May-2019 18:43:00 Europe/Helsinki] PHP Warning:  fclose() expects parameter 1 to be resource, string given in /var/www/html/autometa/myVision.php on line 60
[29-May-2019 18:43:30 Europe/Helsinki] PHP Fatal error:  Uncaught Error: Call to undefined function Google\Protobuf\Internal\bccomp() in /var/www/html/autometa/vendor/google/protobuf/src/Google/Protobuf/Internal/Message.php:900
Stack trace:
#0 /var/www/html/autometa/vendor/google/protobuf/src/Google/Protobuf/Internal/Message.php(1218): Google\Protobuf\Internal\Message->convertJsonValueToProtoValue(3, Object(Google\Protobuf\Internal\FieldDescriptor))
#1 /var/www/html/autometa/vendor/google/protobuf/src/Google/Protobuf/Internal/Message.php(1167): Google\Protobuf\Internal\Message->mergeFromArrayJsonImpl(Array)
#2 /var/www/html/autometa/vendor/google/protobuf/src/Google/Protobuf/Internal/Message.php(815): Google\Protobuf\Internal\Message->mergeFromJsonArray(Array)
#3 /var/www/html/autometa/vendor/google/protobuf/src/Google/Protobuf/Internal/Message.php(1218): Google\Protobuf\Internal\Message->convertJsonValueToProtoValue(Array, Object(Google\Protobuf\Internal\FieldDescriptor))
#4 /var/www/html/autometa/vendor/google/protobuf/src/Google/Protobuf/Internal/Message.php(116 in /var/www/html/autometa/vendor/google/protobuf/src/Google/Protobuf/Internal/Message.php on line 900
[29-May-2019 18:44:53 Europe/Helsinki] PHP Warning:  fclose() expects parameter 1 to be resource, string given in /var/www/html/autometa/myVision.php on line 60
[29-May-2019 18:45:21 Europe/Helsinki] PHP Fatal error:  Uncaught Error: Call to undefined function Google\Protobuf\Internal\bccomp() in /var/www/html/autometa/vendor/google/protobuf/src/Google/Protobuf/Internal/Message.php:900
Stack trace:
#0 /var/www/html/autometa/vendor/google/protobuf/src/Google/Protobuf/Internal/Message.php(1218): Google\Protobuf\Internal\Message->convertJsonValueToProtoValue(3, Object(Google\Protobuf\Internal\FieldDescriptor))
#1 /var/www/html/autometa/vendor/google/protobuf/src/Google/Protobuf/Internal/Message.php(1167): Google\Protobuf\Internal\Message->mergeFromArrayJsonImpl(Array)
#2 /var/www/html/autometa/vendor/google/protobuf/src/Google/Protobuf/Internal/Message.php(815): Google\Protobuf\Internal\Message->mergeFromJsonArray(Array)
#3 /var/www/html/autometa/vendor/google/protobuf/src/Google/Protobuf/Internal/Message.php(1218): Google\Protobuf\Internal\Message->convertJsonValueToProtoValue(Array, Object(Google\Protobuf\Internal\FieldDescriptor))
#4 /var/www/html/autometa/vendor/google/protobuf/src/Google/Protobuf/Internal/Message.php(116 in /var/www/html/autometa/vendor/google/protobuf/src/Google/Protobuf/Internal/Message.php on line 900
[29-May-2019 18:59:54 Europe/Helsinki] PHP Parse error:  syntax error, unexpected '$contents' (T_VARIABLE), expecting ',' or ';' in /var/www/html/autometa/myVision.php on line 55
[29-May-2019 19:00:50 Europe/Helsinki] PHP Parse error:  syntax error, unexpected '$contents' (T_VARIABLE), expecting ',' or ';' in /var/www/html/autometa/myVision.php on line 56
[29-May-2019 19:01:14 Europe/Helsinki] PHP Fatal error:  Uncaught RuntimeException: Error creating resource: [message] fopen(https://oauth2.googleapis.com/token): failed to open stream: Network is unreachable
[file] /var/www/html/autometa/vendor/guzzlehttp/guzzle/src/Handler/StreamHandler.php
[line] 323 in /var/www/html/autometa/vendor/guzzlehttp/guzzle/src/Handler/StreamHandler.php:252
Stack trace:
#0 /var/www/html/autometa/vendor/guzzlehttp/guzzle/src/Handler/StreamHandler.php(334): GuzzleHttp\Handler\StreamHandler->createResource(Object(Closure))
#1 /var/www/html/autometa/vendor/guzzlehttp/guzzle/src/Handler/StreamHandler.php(51): GuzzleHttp\Handler\StreamHandler->createStream(Object(GuzzleHttp\Psr7\Request), Array)
#2 /var/www/html/autometa/vendor/guzzlehttp/guzzle/src/PrepareBodyMiddleware.php(66): GuzzleHttp\Handler\StreamHandler->__invoke(Object(GuzzleHttp\Psr7\Request), Array)
#3 /var/www/html/autometa/vendor/guzzlehttp/guzzle/src/Middleware.php(30): GuzzleHttp\PrepareBodyMiddleware->__invoke(Object(GuzzleHttp\Psr7\Request), Array)
#4 /var/www/html/autometa in /var/www/html/autometa/vendor/guzzlehttp/guzzle/src/Exception/RequestException.php on line 52
[29-May-2019 19:01:58 Europe/Helsinki] PHP Fatal error:  Uncaught RuntimeException: Error creating resource: [message] fopen(https://oauth2.googleapis.com/token): failed to open stream: Network is unreachable
[file] /var/www/html/autometa/vendor/guzzlehttp/guzzle/src/Handler/StreamHandler.php
[line] 323 in /var/www/html/autometa/vendor/guzzlehttp/guzzle/src/Handler/StreamHandler.php:252
Stack trace:
#0 /var/www/html/autometa/vendor/guzzlehttp/guzzle/src/Handler/StreamHandler.php(334): GuzzleHttp\Handler\StreamHandler->createResource(Object(Closure))
#1 /var/www/html/autometa/vendor/guzzlehttp/guzzle/src/Handler/StreamHandler.php(51): GuzzleHttp\Handler\StreamHandler->createStream(Object(GuzzleHttp\Psr7\Request), Array)
#2 /var/www/html/autometa/vendor/guzzlehttp/guzzle/src/PrepareBodyMiddleware.php(66): GuzzleHttp\Handler\StreamHandler->__invoke(Object(GuzzleHttp\Psr7\Request), Array)
#3 /var/www/html/autometa/vendor/guzzlehttp/guzzle/src/Middleware.php(30): GuzzleHttp\PrepareBodyMiddleware->__invoke(Object(GuzzleHttp\Psr7\Request), Array)
#4 /var/www/html/autometa in /var/www/html/autometa/vendor/guzzlehttp/guzzle/src/Exception/RequestException.php on line 52
[29-May-2019 19:04:45 Europe/Helsinki] PHP Notice:  Undefined index: imgName in /var/www/html/autometa/myVision.php on line 29
[29-May-2019 19:04:45 Europe/Helsinki] PHP Warning:  file_get_contents(): Filename cannot be empty in /var/www/html/autometa/myVision.php on line 56
[29-May-2019 19:04:45 Europe/Helsinki] PHP Warning:  fclose() expects parameter 1 to be resource, null given in /var/www/html/autometa/myVision.php on line 57
[29-May-2019 19:05:18 Europe/Helsinki] PHP Fatal error:  Uncaught Google\ApiCore\ApiException: {
    "message": "Request must specify image and features.",
    "code": 3,
    "status": "INVALID_ARGUMENT",
    "details": []
}

  thrown in /var/www/html/autometa/vendor/google/gax/src/ApiException.php on line 139
[29-May-2019 19:06:06 Europe/Helsinki] PHP Fatal error:  Uncaught Error: Call to undefined function Google\Protobuf\Internal\bccomp() in /var/www/html/autometa/vendor/google/protobuf/src/Google/Protobuf/Internal/Message.php:900
Stack trace:
#0 /var/www/html/autometa/vendor/google/protobuf/src/Google/Protobuf/Internal/Message.php(1218): Google\Protobuf\Internal\Message->convertJsonValueToProtoValue(3, Object(Google\Protobuf\Internal\FieldDescriptor))
#1 /var/www/html/autometa/vendor/google/protobuf/src/Google/Protobuf/Internal/Message.php(1167): Google\Protobuf\Internal\Message->mergeFromArrayJsonImpl(Array)
#2 /var/www/html/autometa/vendor/google/protobuf/src/Google/Protobuf/Internal/Message.php(815): Google\Protobuf\Internal\Message->mergeFromJsonArray(Array)
#3 /var/www/html/autometa/vendor/google/protobuf/src/Google/Protobuf/Internal/Message.php(1218): Google\Protobuf\Internal\Message->convertJsonValueToProtoValue(Array, Object(Google\Protobuf\Internal\FieldDescriptor))
#4 /var/www/html/autometa/vendor/google/protobuf/src/Google/Protobuf/Internal/Message.php(116 in /var/www/html/autometa/vendor/google/protobuf/src/Google/Protobuf/Internal/Message.php on line 900
[29-May-2019 19:06:20 Europe/Helsinki] PHP Fatal error:  Uncaught Error: Call to undefined function Google\Protobuf\Internal\bccomp() in /var/www/html/autometa/vendor/google/protobuf/src/Google/Protobuf/Internal/Message.php:900
Stack trace:
#0 /var/www/html/autometa/vendor/google/protobuf/src/Google/Protobuf/Internal/Message.php(1218): Google\Protobuf\Internal\Message->convertJsonValueToProtoValue(3, Object(Google\Protobuf\Internal\FieldDescriptor))
#1 /var/www/html/autometa/vendor/google/protobuf/src/Google/Protobuf/Internal/Message.php(1167): Google\Protobuf\Internal\Message->mergeFromArrayJsonImpl(Array)
#2 /var/www/html/autometa/vendor/google/protobuf/src/Google/Protobuf/Internal/Message.php(815): Google\Protobuf\Internal\Message->mergeFromJsonArray(Array)
#3 /var/www/html/autometa/vendor/google/protobuf/src/Google/Protobuf/Internal/Message.php(1218): Google\Protobuf\Internal\Message->convertJsonValueToProtoValue(Array, Object(Google\Protobuf\Internal\FieldDescriptor))
#4 /var/www/html/autometa/vendor/google/protobuf/src/Google/Protobuf/Internal/Message.php(116 in /var/www/html/autometa/vendor/google/protobuf/src/Google/Protobuf/Internal/Message.php on line 900
[29-May-2019 19:16:02 Europe/Helsinki] PHP Warning:  fclose() expects parameter 1 to be resource, string given in /var/www/html/autometa/myVision.php on line 57
[29-May-2019 19:16:05 Europe/Helsinki] PHP Fatal error:  Uncaught Error: Call to undefined function Google\Protobuf\Internal\bccomp() in /var/www/html/autometa/vendor/google/protobuf/src/Google/Protobuf/Internal/Message.php:900
Stack trace:
#0 /var/www/html/autometa/vendor/google/protobuf/src/Google/Protobuf/Internal/Message.php(1218): Google\Protobuf\Internal\Message->convertJsonValueToProtoValue(3, Object(Google\Protobuf\Internal\FieldDescriptor))
#1 /var/www/html/autometa/vendor/google/protobuf/src/Google/Protobuf/Internal/Message.php(1167): Google\Protobuf\Internal\Message->mergeFromArrayJsonImpl(Array)
#2 /var/www/html/autometa/vendor/google/protobuf/src/Google/Protobuf/Internal/Message.php(815): Google\Protobuf\Internal\Message->mergeFromJsonArray(Array)
#3 /var/www/html/autometa/vendor/google/protobuf/src/Google/Protobuf/Internal/Message.php(1218): Google\Protobuf\Internal\Message->convertJsonValueToProtoValue(Array, Object(Google\Protobuf\Internal\FieldDescriptor))
#4 /var/www/html/autometa/vendor/google/protobuf/src/Google/Protobuf/Internal/Message.php(116 in /var/www/html/autometa/vendor/google/protobuf/src/Google/Protobuf/Internal/Message.php on line 900
[29-May-2019 19:19:53 Europe/Helsinki] PHP Warning:  fclose() expects parameter 1 to be resource, string given in /var/www/html/autometa/myVision.php on line 58
[29-May-2019 19:19:54 Europe/Helsinki] PHP Fatal error:  Uncaught Error: Call to undefined function Google\Protobuf\Internal\bccomp() in /var/www/html/autometa/vendor/google/protobuf/src/Google/Protobuf/Internal/Message.php:900
Stack trace:
#0 /var/www/html/autometa/vendor/google/protobuf/src/Google/Protobuf/Internal/Message.php(1218): Google\Protobuf\Internal\Message->convertJsonValueToProtoValue(3, Object(Google\Protobuf\Internal\FieldDescriptor))
#1 /var/www/html/autometa/vendor/google/protobuf/src/Google/Protobuf/Internal/Message.php(1167): Google\Protobuf\Internal\Message->mergeFromArrayJsonImpl(Array)
#2 /var/www/html/autometa/vendor/google/protobuf/src/Google/Protobuf/Internal/Message.php(815): Google\Protobuf\Internal\Message->mergeFromJsonArray(Array)
#3 /var/www/html/autometa/vendor/google/protobuf/src/Google/Protobuf/Internal/Message.php(1218): Google\Protobuf\Internal\Message->convertJsonValueToProtoValue(Array, Object(Google\Protobuf\Internal\FieldDescriptor))
#4 /var/www/html/autometa/vendor/google/protobuf/src/Google/Protobuf/Internal/Message.php(116 in /var/www/html/autometa/vendor/google/protobuf/src/Google/Protobuf/Internal/Message.php on line 900
[29-May-2019 19:20:03 Europe/Helsinki] PHP Warning:  fclose() expects parameter 1 to be resource, string given in /var/www/html/autometa/myVision.php on line 58
[29-May-2019 19:20:06 Europe/Helsinki] PHP Fatal error:  Uncaught Error: Call to undefined function Google\Protobuf\Internal\bccomp() in /var/www/html/autometa/vendor/google/protobuf/src/Google/Protobuf/Internal/Message.php:900
Stack trace:
#0 /var/www/html/autometa/vendor/google/protobuf/src/Google/Protobuf/Internal/Message.php(1218): Google\Protobuf\Internal\Message->convertJsonValueToProtoValue(3, Object(Google\Protobuf\Internal\FieldDescriptor))
#1 /var/www/html/autometa/vendor/google/protobuf/src/Google/Protobuf/Internal/Message.php(1167): Google\Protobuf\Internal\Message->mergeFromArrayJsonImpl(Array)
#2 /var/www/html/autometa/vendor/google/protobuf/src/Google/Protobuf/Internal/Message.php(815): Google\Protobuf\Internal\Message->mergeFromJsonArray(Array)
#3 /var/www/html/autometa/vendor/google/protobuf/src/Google/Protobuf/Internal/Message.php(1218): Google\Protobuf\Internal\Message->convertJsonValueToProtoValue(Array, Object(Google\Protobuf\Internal\FieldDescriptor))
#4 /var/www/html/autometa/vendor/google/protobuf/src/Google/Protobuf/Internal/Message.php(116 in /var/www/html/autometa/vendor/google/protobuf/src/Google/Protobuf/Internal/Message.php on line 900
[29-May-2019 19:23:26 Europe/Helsinki] PHP Warning:  fopen() expects at least 2 parameters, 1 given in /var/www/html/autometa/myVision.php on line 56
[29-May-2019 19:23:26 Europe/Helsinki] PHP Warning:  fclose() expects parameter 1 to be resource, string given in /var/www/html/autometa/myVision.php on line 58
[29-May-2019 19:23:30 Europe/Helsinki] PHP Fatal error:  Uncaught Error: Call to undefined function Google\Protobuf\Internal\bccomp() in /var/www/html/autometa/vendor/google/protobuf/src/Google/Protobuf/Internal/Message.php:900
Stack trace:
#0 /var/www/html/autometa/vendor/google/protobuf/src/Google/Protobuf/Internal/Message.php(1218): Google\Protobuf\Internal\Message->convertJsonValueToProtoValue(3, Object(Google\Protobuf\Internal\FieldDescriptor))
#1 /var/www/html/autometa/vendor/google/protobuf/src/Google/Protobuf/Internal/Message.php(1167): Google\Protobuf\Internal\Message->mergeFromArrayJsonImpl(Array)
#2 /var/www/html/autometa/vendor/google/protobuf/src/Google/Protobuf/Internal/Message.php(815): Google\Protobuf\Internal\Message->mergeFromJsonArray(Array)
#3 /var/www/html/autometa/vendor/google/protobuf/src/Google/Protobuf/Internal/Message.php(1218): Google\Protobuf\Internal\Message->convertJsonValueToProtoValue(Array, Object(Google\Protobuf\Internal\FieldDescriptor))
#4 /var/www/html/autometa/vendor/google/protobuf/src/Google/Protobuf/Internal/Message.php(116 in /var/www/html/autometa/vendor/google/protobuf/src/Google/Protobuf/Internal/Message.php on line 900
[29-May-2019 19:25:45 Europe/Helsinki] PHP Warning:  fclose() expects parameter 1 to be resource, string given in /var/www/html/autometa/myVision.php on line 58
[29-May-2019 19:25:46 Europe/Helsinki] PHP Fatal error:  Uncaught Error: Call to undefined function Google\Protobuf\Internal\bccomp() in /var/www/html/autometa/vendor/google/protobuf/src/Google/Protobuf/Internal/Message.php:900
Stack trace:
#0 /var/www/html/autometa/vendor/google/protobuf/src/Google/Protobuf/Internal/Message.php(1218): Google\Protobuf\Internal\Message->convertJsonValueToProtoValue(3, Object(Google\Protobuf\Internal\FieldDescriptor))
#1 /var/www/html/autometa/vendor/google/protobuf/src/Google/Protobuf/Internal/Message.php(1167): Google\Protobuf\Internal\Message->mergeFromArrayJsonImpl(Array)
#2 /var/www/html/autometa/vendor/google/protobuf/src/Google/Protobuf/Internal/Message.php(815): Google\Protobuf\Internal\Message->mergeFromJsonArray(Array)
#3 /var/www/html/autometa/vendor/google/protobuf/src/Google/Protobuf/Internal/Message.php(1218): Google\Protobuf\Internal\Message->convertJsonValueToProtoValue(Array, Object(Google\Protobuf\Internal\FieldDescriptor))
#4 /var/www/html/autometa/vendor/google/protobuf/src/Google/Protobuf/Internal/Message.php(116 in /var/www/html/autometa/vendor/google/protobuf/src/Google/Protobuf/Internal/Message.php on line 900
[29-May-2019 19:27:30 Europe/Helsinki] PHP Fatal error:  Uncaught Error: Call to undefined function Google\Protobuf\Internal\bccomp() in /var/www/html/autometa/vendor/google/protobuf/src/Google/Protobuf/Internal/Message.php:900
Stack trace:
#0 /var/www/html/autometa/vendor/google/protobuf/src/Google/Protobuf/Internal/Message.php(1218): Google\Protobuf\Internal\Message->convertJsonValueToProtoValue(3, Object(Google\Protobuf\Internal\FieldDescriptor))
#1 /var/www/html/autometa/vendor/google/protobuf/src/Google/Protobuf/Internal/Message.php(1167): Google\Protobuf\Internal\Message->mergeFromArrayJsonImpl(Array)
#2 /var/www/html/autometa/vendor/google/protobuf/src/Google/Protobuf/Internal/Message.php(815): Google\Protobuf\Internal\Message->mergeFromJsonArray(Array)
#3 /var/www/html/autometa/vendor/google/protobuf/src/Google/Protobuf/Internal/Message.php(1218): Google\Protobuf\Internal\Message->convertJsonValueToProtoValue(Array, Object(Google\Protobuf\Internal\FieldDescriptor))
#4 /var/www/html/autometa/vendor/google/protobuf/src/Google/Protobuf/Internal/Message.php(116 in /var/www/html/autometa/vendor/google/protobuf/src/Google/Protobuf/Internal/Message.php on line 900
[29-May-2019 19:29:31 Europe/Helsinki] PHP Fatal error:  Uncaught Error: Call to undefined function Google\Protobuf\Internal\bccomp() in /var/www/html/autometa/vendor/google/protobuf/src/Google/Protobuf/Internal/Message.php:900
Stack trace:
#0 /var/www/html/autometa/vendor/google/protobuf/src/Google/Protobuf/Internal/Message.php(1218): Google\Protobuf\Internal\Message->convertJsonValueToProtoValue(3, Object(Google\Protobuf\Internal\FieldDescriptor))
#1 /var/www/html/autometa/vendor/google/protobuf/src/Google/Protobuf/Internal/Message.php(1167): Google\Protobuf\Internal\Message->mergeFromArrayJsonImpl(Array)
#2 /var/www/html/autometa/vendor/google/protobuf/src/Google/Protobuf/Internal/Message.php(815): Google\Protobuf\Internal\Message->mergeFromJsonArray(Array)
#3 /var/www/html/autometa/vendor/google/protobuf/src/Google/Protobuf/Internal/Message.php(1218): Google\Protobuf\Internal\Message->convertJsonValueToProtoValue(Array, Object(Google\Protobuf\Internal\FieldDescriptor))
#4 /var/www/html/autometa/vendor/google/protobuf/src/Google/Protobuf/Internal/Message.php(116 in /var/www/html/autometa/vendor/google/protobuf/src/Google/Protobuf/Internal/Message.php on line 900
[29-May-2019 19:31:30 Europe/Helsinki] PHP Fatal error:  Uncaught Error: Call to undefined function Google\Protobuf\Internal\bccomp() in /var/www/html/autometa/vendor/google/protobuf/src/Google/Protobuf/Internal/Message.php:900
Stack trace:
#0 /var/www/html/autometa/vendor/google/protobuf/src/Google/Protobuf/Internal/Message.php(1218): Google\Protobuf\Internal\Message->convertJsonValueToProtoValue(3, Object(Google\Protobuf\Internal\FieldDescriptor))
#1 /var/www/html/autometa/vendor/google/protobuf/src/Google/Protobuf/Internal/Message.php(1167): Google\Protobuf\Internal\Message->mergeFromArrayJsonImpl(Array)
#2 /var/www/html/autometa/vendor/google/protobuf/src/Google/Protobuf/Internal/Message.php(815): Google\Protobuf\Internal\Message->mergeFromJsonArray(Array)
#3 /var/www/html/autometa/vendor/google/protobuf/src/Google/Protobuf/Internal/Message.php(1218): Google\Protobuf\Internal\Message->convertJsonValueToProtoValue(Array, Object(Google\Protobuf\Internal\FieldDescriptor))
#4 /var/www/html/autometa/vendor/google/protobuf/src/Google/Protobuf/Internal/Message.php(116 in /var/www/html/autometa/vendor/google/protobuf/src/Google/Protobuf/Internal/Message.php on line 900
[29-May-2019 19:40:41 Europe/Helsinki] PHP Fatal error:  Uncaught Error: Call to undefined function Google\Protobuf\Internal\bccomp() in /var/www/html/autometa/vendor/google/protobuf/src/Google/Protobuf/Internal/Message.php:900
Stack trace:
#0 /var/www/html/autometa/vendor/google/protobuf/src/Google/Protobuf/Internal/Message.php(1218): Google\Protobuf\Internal\Message->convertJsonValueToProtoValue(3, Object(Google\Protobuf\Internal\FieldDescriptor))
#1 /var/www/html/autometa/vendor/google/protobuf/src/Google/Protobuf/Internal/Message.php(1167): Google\Protobuf\Internal\Message->mergeFromArrayJsonImpl(Array)
#2 /var/www/html/autometa/vendor/google/protobuf/src/Google/Protobuf/Internal/Message.php(815): Google\Protobuf\Internal\Message->mergeFromJsonArray(Array)
#3 /var/www/html/autometa/vendor/google/protobuf/src/Google/Protobuf/Internal/Message.php(1218): Google\Protobuf\Internal\Message->convertJsonValueToProtoValue(Array, Object(Google\Protobuf\Internal\FieldDescriptor))
#4 /var/www/html/autometa/vendor/google/protobuf/src/Google/Protobuf/Internal/Message.php(116 in /var/www/html/autometa/vendor/google/protobuf/src/Google/Protobuf/Internal/Message.php on line 900
[29-May-2019 19:42:37 Europe/Helsinki] PHP Fatal error:  Uncaught Error: Call to undefined function Google\Protobuf\Internal\bccomp() in /var/www/html/autometa/vendor/google/protobuf/src/Google/Protobuf/Internal/Message.php:900
Stack trace:
#0 /var/www/html/autometa/vendor/google/protobuf/src/Google/Protobuf/Internal/Message.php(1218): Google\Protobuf\Internal\Message->convertJsonValueToProtoValue(3, Object(Google\Protobuf\Internal\FieldDescriptor))
#1 /var/www/html/autometa/vendor/google/protobuf/src/Google/Protobuf/Internal/Message.php(1167): Google\Protobuf\Internal\Message->mergeFromArrayJsonImpl(Array)
#2 /var/www/html/autometa/vendor/google/protobuf/src/Google/Protobuf/Internal/Message.php(815): Google\Protobuf\Internal\Message->mergeFromJsonArray(Array)
#3 /var/www/html/autometa/vendor/google/protobuf/src/Google/Protobuf/Internal/Message.php(1218): Google\Protobuf\Internal\Message->convertJsonValueToProtoValue(Array, Object(Google\Protobuf\Internal\FieldDescriptor))
#4 /var/www/html/autometa/vendor/google/protobuf/src/Google/Protobuf/Internal/Message.php(116 in /var/www/html/autometa/vendor/google/protobuf/src/Google/Protobuf/Internal/Message.php on line 900
[29-May-2019 19:45:20 Europe/Helsinki] PHP Fatal error:  Uncaught Error: Call to undefined function Google\Protobuf\Internal\bccomp() in /var/www/html/autometa/vendor/google/protobuf/src/Google/Protobuf/Internal/Message.php:900
Stack trace:
#0 /var/www/html/autometa/vendor/google/protobuf/src/Google/Protobuf/Internal/Message.php(1218): Google\Protobuf\Internal\Message->convertJsonValueToProtoValue(3, Object(Google\Protobuf\Internal\FieldDescriptor))
#1 /var/www/html/autometa/vendor/google/protobuf/src/Google/Protobuf/Internal/Message.php(1167): Google\Protobuf\Internal\Message->mergeFromArrayJsonImpl(Array)
#2 /var/www/html/autometa/vendor/google/protobuf/src/Google/Protobuf/Internal/Message.php(815): Google\Protobuf\Internal\Message->mergeFromJsonArray(Array)
#3 /var/www/html/autometa/vendor/google/protobuf/src/Google/Protobuf/Internal/Message.php(1218): Google\Protobuf\Internal\Message->convertJsonValueToProtoValue(Array, Object(Google\Protobuf\Internal\FieldDescriptor))
#4 /var/www/html/autometa/vendor/google/protobuf/src/Google/Protobuf/Internal/Message.php(116 in /var/www/html/autometa/vendor/google/protobuf/src/Google/Protobuf/Internal/Message.php on line 900
[29-May-2019 19:47:03 Europe/Helsinki] PHP Fatal error:  Uncaught Error: Call to undefined function Google\Protobuf\Internal\bccomp() in /var/www/html/autometa/vendor/google/protobuf/src/Google/Protobuf/Internal/Message.php:900
Stack trace:
#0 /var/www/html/autometa/vendor/google/protobuf/src/Google/Protobuf/Internal/Message.php(1218): Google\Protobuf\Internal\Message->convertJsonValueToProtoValue(3, Object(Google\Protobuf\Internal\FieldDescriptor))
#1 /var/www/html/autometa/vendor/google/protobuf/src/Google/Protobuf/Internal/Message.php(1167): Google\Protobuf\Internal\Message->mergeFromArrayJsonImpl(Array)
#2 /var/www/html/autometa/vendor/google/protobuf/src/Google/Protobuf/Internal/Message.php(815): Google\Protobuf\Internal\Message->mergeFromJsonArray(Array)
#3 /var/www/html/autometa/vendor/google/protobuf/src/Google/Protobuf/Internal/Message.php(1218): Google\Protobuf\Internal\Message->convertJsonValueToProtoValue(Array, Object(Google\Protobuf\Internal\FieldDescriptor))
#4 /var/www/html/autometa/vendor/google/protobuf/src/Google/Protobuf/Internal/Message.php(116 in /var/www/html/autometa/vendor/google/protobuf/src/Google/Protobuf/Internal/Message.php on line 900
[29-May-2019 19:47:14 Europe/Helsinki] PHP Fatal error:  Uncaught Error: Call to undefined function Google\Protobuf\Internal\bccomp() in /var/www/html/autometa/vendor/google/protobuf/src/Google/Protobuf/Internal/Message.php:900
Stack trace:
#0 /var/www/html/autometa/vendor/google/protobuf/src/Google/Protobuf/Internal/Message.php(1218): Google\Protobuf\Internal\Message->convertJsonValueToProtoValue(3, Object(Google\Protobuf\Internal\FieldDescriptor))
#1 /var/www/html/autometa/vendor/google/protobuf/src/Google/Protobuf/Internal/Message.php(1167): Google\Protobuf\Internal\Message->mergeFromArrayJsonImpl(Array)
#2 /var/www/html/autometa/vendor/google/protobuf/src/Google/Protobuf/Internal/Message.php(815): Google\Protobuf\Internal\Message->mergeFromJsonArray(Array)
#3 /var/www/html/autometa/vendor/google/protobuf/src/Google/Protobuf/Internal/Message.php(1218): Google\Protobuf\Internal\Message->convertJsonValueToProtoValue(Array, Object(Google\Protobuf\Internal\FieldDescriptor))
#4 /var/www/html/autometa/vendor/google/protobuf/src/Google/Protobuf/Internal/Message.php(116 in /var/www/html/autometa/vendor/google/protobuf/src/Google/Protobuf/Internal/Message.php on line 900
[29-May-2019 19:55:26 Europe/Helsinki] PHP Fatal error:  Uncaught Error: Call to undefined function Google\Protobuf\Internal\bccomp() in /var/www/html/autometa/vendor/google/protobuf/src/Google/Protobuf/Internal/Message.php:900
Stack trace:
#0 /var/www/html/autometa/vendor/google/protobuf/src/Google/Protobuf/Internal/Message.php(1218): Google\Protobuf\Internal\Message->convertJsonValueToProtoValue(3, Object(Google\Protobuf\Internal\FieldDescriptor))
#1 /var/www/html/autometa/vendor/google/protobuf/src/Google/Protobuf/Internal/Message.php(1167): Google\Protobuf\Internal\Message->mergeFromArrayJsonImpl(Array)
#2 /var/www/html/autometa/vendor/google/protobuf/src/Google/Protobuf/Internal/Message.php(815): Google\Protobuf\Internal\Message->mergeFromJsonArray(Array)
#3 /var/www/html/autometa/vendor/google/protobuf/src/Google/Protobuf/Internal/Message.php(1218): Google\Protobuf\Internal\Message->convertJsonValueToProtoValue(Array, Object(Google\Protobuf\Internal\FieldDescriptor))
#4 /var/www/html/autometa/vendor/google/protobuf/src/Google/Protobuf/Internal/Message.php(116 in /var/www/html/autometa/vendor/google/protobuf/src/Google/Protobuf/Internal/Message.php on line 900
[29-May-2019 19:55:59 Europe/Helsinki] PHP Fatal error:  Uncaught Error: Call to a member function getAdult() on null in /var/www/html/autometa/myVisionXML.php:23
Stack trace:
#0 /var/www/html/autometa/myVision.php(163): include()
#1 {main}
  thrown in /var/www/html/autometa/myVisionXML.php on line 23
[08-Jun-2019 12:31:51 Europe/Helsinki] PHP Warning:  mysqli_connect(): (HY000/1049): Unknown database 'autometa' in /var/www/html/autometa/dbconnection.php on line 6
[08-Jun-2019 12:32:02 Europe/Helsinki] PHP Notice:  Undefined index: file in /var/www/html/autometa/myVision.php on line 64
[08-Jun-2019 12:34:00 Europe/Helsinki] PHP Warning:  mysqli_connect(): (HY000/1049): Unknown database 'autometa' in /var/www/html/autometa/dbconnection.php on line 6
[08-Jun-2019 12:55:55 Europe/Helsinki] PHP Warning:  mysqli_connect(): (HY000/1049): Unknown database 'autometa' in /var/www/html/autometa/dbconnection.php on line 6
[08-Jun-2019 12:57:59 Europe/Helsinki] PHP Notice:  Undefined index: file in /var/www/html/autometa/myVision.php on line 64
[08-Jun-2019 13:00:04 Europe/Helsinki] PHP Warning:  mysqli_connect(): (HY000/1049): Unknown database 'autometa' in /var/www/html/autometa/dbconnection.php on line 6
[08-Jun-2019 13:00:14 Europe/Helsinki] PHP Warning:  mysqli_connect(): (HY000/1049): Unknown database 'autometa' in /var/www/html/autometa/dbconnection.php on line 6
[08-Jun-2019 13:01:36 Europe/Helsinki] PHP Notice:  Undefined index: file in /var/www/html/autometa/myVision.php on line 64
[08-Jun-2019 13:03:30 Europe/Helsinki] PHP Warning:  mysqli_connect(): (HY000/1049): Unknown database 'autometa' in /var/www/html/autometa/dbconnection.php on line 6
[08-Jun-2019 13:03:52 Europe/Helsinki] PHP Notice:  Undefined index: file in /var/www/html/autometa/myVision.php on line 64
[08-Jun-2019 13:04:55 Europe/Helsinki] PHP Warning:  mysqli_connect(): (HY000/1049): Unknown database 'autometa' in /var/www/html/autometa/dbconnection.php on line 6
[08-Jun-2019 13:07:00 Europe/Helsinki] PHP Warning:  mysqli_connect(): (HY000/1049): Unknown database 'autometa' in /var/www/html/autometa/dbconnection.php on line 6
[08-Jun-2019 13:07:15 Europe/Helsinki] PHP Notice:  Undefined index: file in /var/www/html/autometa/myVision.php on line 64
[08-Jun-2019 13:09:20 Europe/Helsinki] PHP Warning:  mysqli_connect(): (HY000/1049): Unknown database 'autometa' in /var/www/html/autometa/dbconnection.php on line 6
[08-Jun-2019 13:17:52 Europe/Helsinki] PHP Notice:  Undefined index: file in /var/www/html/autometa/myVision.php on line 64
[08-Jun-2019 13:19:27 Europe/Helsinki] PHP Notice:  Undefined index: file in /var/www/html/autometa/myVision.php on line 64
[08-Jun-2019 20:20:21 Europe/Helsinki] PHP Warning:  include(../dbconnection.php): failed to open stream: No such file or directory in /var/www/html/autometa/gallery/search.php on line 2
[08-Jun-2019 20:20:21 Europe/Helsinki] PHP Warning:  include(): Failed opening '../dbconnection.php' for inclusion (include_path='.:/usr/share/php') in /var/www/html/autometa/gallery/search.php on line 2
[08-Jun-2019 20:43:35 Europe/Helsinki] PHP Notice:  Undefined index: fileToUpload in /var/www/html/autometa/upload.php on line 4
[08-Jun-2019 20:43:35 Europe/Helsinki] PHP Notice:  Undefined index: fileToUpload in /var/www/html/autometa/upload.php on line 24
[09-Jun-2019 06:46:43 Europe/Helsinki] PHP Notice:  Undefined index: user in /var/www/html/autometa/success.php on line 21
[09-Jun-2019 06:46:44 Europe/Helsinki] PHP Notice:  Undefined index: verified in /var/www/html/autometa/success.php on line 47
[09-Jun-2019 13:04:04 Europe/Helsinki] PHP Warning:  mysqli_fetch_array() expects parameter 1 to be mysqli_result, boolean given in /var/www/html/autometa/search.php on line 20
[09-Jun-2019 13:08:10 Europe/Helsinki] PHP Warning:  mysqli_fetch_array() expects parameter 1 to be mysqli_result, boolean given in /var/www/html/autometa/search.php on line 20
[09-Jun-2019 13:08:20 Europe/Helsinki] PHP Warning:  mysqli_fetch_array() expects parameter 1 to be mysqli_result, boolean given in /var/www/html/autometa/search.php on line 20
[09-Jun-2019 15:23:14 Europe/Helsinki] PHP Notice:  Undefined index: user in /var/www/html/autometa/success.php on line 21
[09-Jun-2019 15:23:14 Europe/Helsinki] PHP Notice:  Undefined index: verified in /var/www/html/autometa/success.php on line 47
[09-Jun-2019 15:50:51 Europe/Helsinki] PHP Notice:  Undefined variable: server in /var/www/html/autometa/sendEmails.php on line 12
